/tmp/slurmd.gpu-g13/job7102150/slurm_script: line 13: activate: No such file or directory
Target domain: cartoon
Dataset size: train 6870, val 777, test 2344
Step size: 16
New epoch - lr: 0.01
/share/data/vision-greg2/users/xdu/anaconda3/envs/RSC/lib/python3.7/site-packages/tensorflow/python/framework/dtypes.py:516: FutureWarning: Passing (type, 1) or '1type' as a synonym of type is deprecated; in a future version of numpy, it will be understood as (type, (1,)) / '(1,)type'.
  _np_qint8 = np.dtype([("qint8", np.int8, 1)])
/share/data/vision-greg2/users/xdu/anaconda3/envs/RSC/lib/python3.7/site-packages/tensorflow/python/framework/dtypes.py:517: FutureWarning: Passing (type, 1) or '1type' as a synonym of type is deprecated; in a future version of numpy, it will be understood as (type, (1,)) / '(1,)type'.
  _np_quint8 = np.dtype([("quint8", np.uint8, 1)])
/share/data/vision-greg2/users/xdu/anaconda3/envs/RSC/lib/python3.7/site-packages/tensorflow/python/framework/dtypes.py:518: FutureWarning: Passing (type, 1) or '1type' as a synonym of type is deprecated; in a future version of numpy, it will be understood as (type, (1,)) / '(1,)type'.
  _np_qint16 = np.dtype([("qint16", np.int16, 1)])
/share/data/vision-greg2/users/xdu/anaconda3/envs/RSC/lib/python3.7/site-packages/tensorflow/python/framework/dtypes.py:519: FutureWarning: Passing (type, 1) or '1type' as a synonym of type is deprecated; in a future version of numpy, it will be understood as (type, (1,)) / '(1,)type'.
  _np_quint16 = np.dtype([("quint16", np.uint16, 1)])
/share/data/vision-greg2/users/xdu/anaconda3/envs/RSC/lib/python3.7/site-packages/tensorflow/python/framework/dtypes.py:520: FutureWarning: Passing (type, 1) or '1type' as a synonym of type is deprecated; in a future version of numpy, it will be understood as (type, (1,)) / '(1,)type'.
  _np_qint32 = np.dtype([("qint32", np.int32, 1)])
/share/data/vision-greg2/users/xdu/anaconda3/envs/RSC/lib/python3.7/site-packages/tensorflow/python/framework/dtypes.py:525: FutureWarning: Passing (type, 1) or '1type' as a synonym of type is deprecated; in a future version of numpy, it will be understood as (type, (1,)) / '(1,)type'.
  np_resource = np.dtype([("resource", np.ubyte, 1)])
/share/data/vision-greg2/users/xdu/anaconda3/envs/RSC/lib/python3.7/site-packages/tensorboard/compat/tensorflow_stub/dtypes.py:541: FutureWarning: Passing (type, 1) or '1type' as a synonym of type is deprecated; in a future version of numpy, it will be understood as (type, (1,)) / '(1,)type'.
  _np_qint8 = np.dtype([("qint8", np.int8, 1)])
/share/data/vision-greg2/users/xdu/anaconda3/envs/RSC/lib/python3.7/site-packages/tensorboard/compat/tensorflow_stub/dtypes.py:542: FutureWarning: Passing (type, 1) or '1type' as a synonym of type is deprecated; in a future version of numpy, it will be understood as (type, (1,)) / '(1,)type'.
  _np_quint8 = np.dtype([("quint8", np.uint8, 1)])
/share/data/vision-greg2/users/xdu/anaconda3/envs/RSC/lib/python3.7/site-packages/tensorboard/compat/tensorflow_stub/dtypes.py:543: FutureWarning: Passing (type, 1) or '1type' as a synonym of type is deprecated; in a future version of numpy, it will be understood as (type, (1,)) / '(1,)type'.
  _np_qint16 = np.dtype([("qint16", np.int16, 1)])
/share/data/vision-greg2/users/xdu/anaconda3/envs/RSC/lib/python3.7/site-packages/tensorboard/compat/tensorflow_stub/dtypes.py:544: FutureWarning: Passing (type, 1) or '1type' as a synonym of type is deprecated; in a future version of numpy, it will be understood as (type, (1,)) / '(1,)type'.
  _np_quint16 = np.dtype([("quint16", np.uint16, 1)])
/share/data/vision-greg2/users/xdu/anaconda3/envs/RSC/lib/python3.7/site-packages/tensorboard/compat/tensorflow_stub/dtypes.py:545: FutureWarning: Passing (type, 1) or '1type' as a synonym of type is deprecated; in a future version of numpy, it will be understood as (type, (1,)) / '(1,)type'.
  _np_qint32 = np.dtype([("qint32", np.int32, 1)])
/share/data/vision-greg2/users/xdu/anaconda3/envs/RSC/lib/python3.7/site-packages/tensorboard/compat/tensorflow_stub/dtypes.py:550: FutureWarning: Passing (type, 1) or '1type' as a synonym of type is deprecated; in a future version of numpy, it will be understood as (type, (1,)) / '(1,)type'.
  np_resource = np.dtype([("resource", np.ubyte, 1)])
0/107 of epoch 1/20 class : 2.096 - acc class : 9.38 [bs:128]
30/107 of epoch 1/20 class : 0.795 - acc class : 77.34 [bs:128]
60/107 of epoch 1/20 class : 1.126 - acc class : 56.25 [bs:128]
90/107 of epoch 1/20 class : 0.787 - acc class : 67.19 [bs:128]
Accuracies on val: class : 89.96
Accuracies on test: class : 71.84
New epoch - lr: 0.01
0/107 of epoch 2/20 class : 0.446 - acc class : 83.59 [bs:128]
30/107 of epoch 2/20 class : 0.430 - acc class : 83.59 [bs:128]
60/107 of epoch 2/20 class : 0.361 - acc class : 84.38 [bs:128]
90/107 of epoch 2/20 class : 0.448 - acc class : 78.12 [bs:128]
Accuracies on val: class : 91.89
Accuracies on test: class : 69.54
New epoch - lr: 0.01
0/107 of epoch 3/20 class : 0.633 - acc class : 71.88 [bs:128]
30/107 of epoch 3/20 class : 0.755 - acc class : 71.09 [bs:128]
60/107 of epoch 3/20 class : 0.241 - acc class : 92.19 [bs:128]
90/107 of epoch 3/20 class : 0.270 - acc class : 92.19 [bs:128]
Accuracies on val: class : 91.63
Accuracies on test: class : 73.12
New epoch - lr: 0.01
0/107 of epoch 4/20 class : 0.171 - acc class : 98.44 [bs:128]
30/107 of epoch 4/20 class : 0.202 - acc class : 91.41 [bs:128]
60/107 of epoch 4/20 class : 0.262 - acc class : 89.84 [bs:128]
90/107 of epoch 4/20 class : 0.261 - acc class : 91.41 [bs:128]
Accuracies on val: class : 92.41
Accuracies on test: class : 70.18
New epoch - lr: 0.01
0/107 of epoch 5/20 class : 0.188 - acc class : 95.31 [bs:128]
30/107 of epoch 5/20 class : 0.156 - acc class : 97.66 [bs:128]
60/107 of epoch 5/20 class : 0.163 - acc class : 92.97 [bs:128]
90/107 of epoch 5/20 class : 0.265 - acc class : 90.62 [bs:128]
Accuracies on val: class : 91.12
Accuracies on test: class : 71.50
New epoch - lr: 0.01
0/107 of epoch 6/20 class : 0.124 - acc class : 99.22 [bs:128]
30/107 of epoch 6/20 class : 0.125 - acc class : 97.66 [bs:128]
60/107 of epoch 6/20 class : 0.180 - acc class : 92.97 [bs:128]
90/107 of epoch 6/20 class : 0.139 - acc class : 95.31 [bs:128]
Accuracies on val: class : 93.44
Accuracies on test: class : 73.93
New epoch - lr: 0.01
0/107 of epoch 7/20 class : 0.077 - acc class : 99.22 [bs:128]
30/107 of epoch 7/20 class : 0.232 - acc class : 92.97 [bs:128]
60/107 of epoch 7/20 class : 0.096 - acc class : 98.44 [bs:128]
90/107 of epoch 7/20 class : 0.079 - acc class : 98.44 [bs:128]
Accuracies on val: class : 92.41
Accuracies on test: class : 73.29
New epoch - lr: 0.01
0/107 of epoch 8/20 class : 0.053 - acc class : 97.66 [bs:128]
30/107 of epoch 8/20 class : 0.141 - acc class : 91.41 [bs:128]
60/107 of epoch 8/20 class : 0.145 - acc class : 94.53 [bs:128]
90/107 of epoch 8/20 class : 0.085 - acc class : 96.88 [bs:128]
Accuracies on val: class : 94.34
Accuracies on test: class : 79.52
New epoch - lr: 0.01
0/107 of epoch 9/20 class : 0.052 - acc class : 98.44 [bs:128]
30/107 of epoch 9/20 class : 0.080 - acc class : 97.66 [bs:128]
60/107 of epoch 9/20 class : 0.033 - acc class : 100.00 [bs:128]
90/107 of epoch 9/20 class : 0.051 - acc class : 98.44 [bs:128]
Accuracies on val: class : 95.11
Accuracies on test: class : 77.52
New epoch - lr: 0.01
0/107 of epoch 10/20 class : 0.048 - acc class : 98.44 [bs:128]
30/107 of epoch 10/20 class : 0.029 - acc class : 100.00 [bs:128]
60/107 of epoch 10/20 class : 0.029 - acc class : 99.22 [bs:128]
90/107 of epoch 10/20 class : 0.030 - acc class : 99.22 [bs:128]
Accuracies on val: class : 94.85
Accuracies on test: class : 79.05
New epoch - lr: 0.01
0/107 of epoch 11/20 class : 0.077 - acc class : 97.66 [bs:128]
30/107 of epoch 11/20 class : 0.018 - acc class : 99.22 [bs:128]
60/107 of epoch 11/20 class : 0.057 - acc class : 98.44 [bs:128]
90/107 of epoch 11/20 class : 0.142 - acc class : 95.31 [bs:128]
Accuracies on val: class : 93.18
Accuracies on test: class : 76.24
New epoch - lr: 0.01
0/107 of epoch 12/20 class : 0.043 - acc class : 99.22 [bs:128]
30/107 of epoch 12/20 class : 0.022 - acc class : 100.00 [bs:128]
60/107 of epoch 12/20 class : 0.013 - acc class : 100.00 [bs:128]
90/107 of epoch 12/20 class : 0.022 - acc class : 100.00 [bs:128]
Accuracies on val: class : 95.37
Accuracies on test: class : 75.34
New epoch - lr: 0.01
0/107 of epoch 13/20 class : 0.080 - acc class : 98.44 [bs:128]
30/107 of epoch 13/20 class : 0.053 - acc class : 98.44 [bs:128]
60/107 of epoch 13/20 class : 0.038 - acc class : 98.44 [bs:128]
90/107 of epoch 13/20 class : 0.061 - acc class : 97.66 [bs:128]
Accuracies on val: class : 94.34
Accuracies on test: class : 76.15
New epoch - lr: 0.01
0/107 of epoch 14/20 class : 0.027 - acc class : 99.22 [bs:128]
30/107 of epoch 14/20 class : 0.044 - acc class : 98.44 [bs:128]
60/107 of epoch 14/20 class : 0.039 - acc class : 99.22 [bs:128]
90/107 of epoch 14/20 class : 0.026 - acc class : 100.00 [bs:128]
Accuracies on val: class : 94.85
Accuracies on test: class : 77.69
New epoch - lr: 0.01
0/107 of epoch 15/20 class : 0.022 - acc class : 99.22 [bs:128]
30/107 of epoch 15/20 class : 0.050 - acc class : 97.66 [bs:128]
60/107 of epoch 15/20 class : 0.017 - acc class : 100.00 [bs:128]
90/107 of epoch 15/20 class : 0.013 - acc class : 100.00 [bs:128]
Accuracies on val: class : 95.11
Accuracies on test: class : 77.90
New epoch - lr: 0.01
0/107 of epoch 16/20 class : 0.013 - acc class : 100.00 [bs:128]
30/107 of epoch 16/20 class : 0.024 - acc class : 99.22 [bs:128]
60/107 of epoch 16/20 class : 0.030 - acc class : 99.22 [bs:128]
90/107 of epoch 16/20 class : 0.032 - acc class : 100.00 [bs:128]
Accuracies on val: class : 94.08
Accuracies on test: class : 73.76
New epoch - lr: 0.0001
0/107 of epoch 17/20 class : 0.115 - acc class : 97.66 [bs:128]
30/107 of epoch 17/20 class : 0.016 - acc class : 99.22 [bs:128]
60/107 of epoch 17/20 class : 0.023 - acc class : 99.22 [bs:128]
90/107 of epoch 17/20 class : 0.014 - acc class : 100.00 [bs:128]
Accuracies on val: class : 95.62
Accuracies on test: class : 78.80
New epoch - lr: 0.001
0/107 of epoch 18/20 class : 0.009 - acc class : 100.00 [bs:128]
30/107 of epoch 18/20 class : 0.004 - acc class : 100.00 [bs:128]
60/107 of epoch 18/20 class : 0.005 - acc class : 100.00 [bs:128]
90/107 of epoch 18/20 class : 0.032 - acc class : 100.00 [bs:128]
Accuracies on val: class : 95.88
Accuracies on test: class : 78.84
New epoch - lr: 0.001
0/107 of epoch 19/20 class : 0.008 - acc class : 100.00 [bs:128]
30/107 of epoch 19/20 class : 0.008 - acc class : 100.00 [bs:128]
60/107 of epoch 19/20 class : 0.110 - acc class : 99.22 [bs:128]
90/107 of epoch 19/20 class : 0.021 - acc class : 100.00 [bs:128]
Accuracies on val: class : 95.62
Accuracies on test: class : 77.99
New epoch - lr: 0.001
0/107 of epoch 20/20 class : 0.063 - acc class : 100.00 [bs:128]
30/107 of epoch 20/20 class : 0.011 - acc class : 100.00 [bs:128]
60/107 of epoch 20/20 class : 0.011 - acc class : 100.00 [bs:128]
90/107 of epoch 20/20 class : 0.150 - acc class : 94.53 [bs:128]
Accuracies on val: class : 95.50
Accuracies on test: class : 78.28
Best val 0.958816, corresponding test 0.788396 - best test: 0.795222, best epoch: 17
It took 452.933
/share/data/vision-greg2/users/xdu/anaconda3/envs/RSC/lib/python3.7/site-packages/tensorflow/python/framework/dtypes.py:516: FutureWarning: Passing (type, 1) or '1type' as a synonym of type is deprecated; in a future version of numpy, it will be understood as (type, (1,)) / '(1,)type'.
  _np_qint8 = np.dtype([("qint8", np.int8, 1)])
/share/data/vision-greg2/users/xdu/anaconda3/envs/RSC/lib/python3.7/site-packages/tensorflow/python/framework/dtypes.py:517: FutureWarning: Passing (type, 1) or '1type' as a synonym of type is deprecated; in a future version of numpy, it will be understood as (type, (1,)) / '(1,)type'.
  _np_quint8 = np.dtype([("quint8", np.uint8, 1)])
/share/data/vision-greg2/users/xdu/anaconda3/envs/RSC/lib/python3.7/site-packages/tensorflow/python/framework/dtypes.py:518: FutureWarning: Passing (type, 1) or '1type' as a synonym of type is deprecated; in a future version of numpy, it will be understood as (type, (1,)) / '(1,)type'.
  _np_qint16 = np.dtype([("qint16", np.int16, 1)])
/share/data/vision-greg2/users/xdu/anaconda3/envs/RSC/lib/python3.7/site-packages/tensorflow/python/framework/dtypes.py:519: FutureWarning: Passing (type, 1) or '1type' as a synonym of type is deprecated; in a future version of numpy, it will be understood as (type, (1,)) / '(1,)type'.
  _np_quint16 = np.dtype([("quint16", np.uint16, 1)])
/share/data/vision-greg2/users/xdu/anaconda3/envs/RSC/lib/python3.7/site-packages/tensorflow/python/framework/dtypes.py:520: FutureWarning: Passing (type, 1) or '1type' as a synonym of type is deprecated; in a future version of numpy, it will be understood as (type, (1,)) / '(1,)type'.
  _np_qint32 = np.dtype([("qint32", np.int32, 1)])
/share/data/vision-greg2/users/xdu/anaconda3/envs/RSC/lib/python3.7/site-packages/tensorflow/python/framework/dtypes.py:525: FutureWarning: Passing (type, 1) or '1type' as a synonym of type is deprecated; in a future version of numpy, it will be understood as (type, (1,)) / '(1,)type'.
  np_resource = np.dtype([("resource", np.ubyte, 1)])
/share/data/vision-greg2/users/xdu/anaconda3/envs/RSC/lib/python3.7/site-packages/tensorboard/compat/tensorflow_stub/dtypes.py:541: FutureWarning: Passing (type, 1) or '1type' as a synonym of type is deprecated; in a future version of numpy, it will be understood as (type, (1,)) / '(1,)type'.
  _np_qint8 = np.dtype([("qint8", np.int8, 1)])
/share/data/vision-greg2/users/xdu/anaconda3/envs/RSC/lib/python3.7/site-packages/tensorboard/compat/tensorflow_stub/dtypes.py:542: FutureWarning: Passing (type, 1) or '1type' as a synonym of type is deprecated; in a future version of numpy, it will be understood as (type, (1,)) / '(1,)type'.
  _np_quint8 = np.dtype([("quint8", np.uint8, 1)])
/share/data/vision-greg2/users/xdu/anaconda3/envs/RSC/lib/python3.7/site-packages/tensorboard/compat/tensorflow_stub/dtypes.py:543: FutureWarning: Passing (type, 1) or '1type' as a synonym of type is deprecated; in a future version of numpy, it will be understood as (type, (1,)) / '(1,)type'.
  _np_qint16 = np.dtype([("qint16", np.int16, 1)])
/share/data/vision-greg2/users/xdu/anaconda3/envs/RSC/lib/python3.7/site-packages/tensorboard/compat/tensorflow_stub/dtypes.py:544: FutureWarning: Passing (type, 1) or '1type' as a synonym of type is deprecated; in a future version of numpy, it will be understood as (type, (1,)) / '(1,)type'.
  _np_quint16 = np.dtype([("quint16", np.uint16, 1)])
/share/data/vision-greg2/users/xdu/anaconda3/envs/RSC/lib/python3.7/site-packages/tensorboard/compat/tensorflow_stub/dtypes.py:545: FutureWarning: Passing (type, 1) or '1type' as a synonym of type is deprecated; in a future version of numpy, it will be understood as (type, (1,)) / '(1,)type'.
  _np_qint32 = np.dtype([("qint32", np.int32, 1)])
/share/data/vision-greg2/users/xdu/anaconda3/envs/RSC/lib/python3.7/site-packages/tensorboard/compat/tensorflow_stub/dtypes.py:550: FutureWarning: Passing (type, 1) or '1type' as a synonym of type is deprecated; in a future version of numpy, it will be understood as (type, (1,)) / '(1,)type'.
  np_resource = np.dtype([("resource", np.ubyte, 1)])
Target domain: cartoon
Dataset size: train 6870, val 777, test 2344
Step size: 16
New epoch - lr: 0.01
0/107 of epoch 1/20 class : 3.239 - acc class : 0.78 [bs:128]
30/107 of epoch 1/20 class : 1.353 - acc class : 53.91 [bs:128]
60/107 of epoch 1/20 class : 0.981 - acc class : 56.25 [bs:128]
90/107 of epoch 1/20 class : 0.620 - acc class : 79.69 [bs:128]
Accuracies on val: class : 88.29
Accuracies on test: class : 71.59
New epoch - lr: 0.01
0/107 of epoch 2/20 class : 0.447 - acc class : 82.81 [bs:128]
30/107 of epoch 2/20 class : 0.424 - acc class : 85.94 [bs:128]
60/107 of epoch 2/20 class : 0.348 - acc class : 89.84 [bs:128]
90/107 of epoch 2/20 class : 0.336 - acc class : 90.62 [bs:128]
Accuracies on val: class : 89.96
Accuracies on test: class : 76.28
New epoch - lr: 0.01
0/107 of epoch 3/20 class : 0.672 - acc class : 75.00 [bs:128]
30/107 of epoch 3/20 class : 0.613 - acc class : 83.59 [bs:128]
60/107 of epoch 3/20 class : 0.216 - acc class : 92.97 [bs:128]
90/107 of epoch 3/20 class : 0.236 - acc class : 93.75 [bs:128]
Accuracies on val: class : 93.44
Accuracies on test: class : 74.53
New epoch - lr: 0.01
0/107 of epoch 4/20 class : 0.171 - acc class : 96.88 [bs:128]
30/107 of epoch 4/20 class : 0.355 - acc class : 86.72 [bs:128]
60/107 of epoch 4/20 class : 0.233 - acc class : 91.41 [bs:128]
90/107 of epoch 4/20 class : 0.181 - acc class : 96.88 [bs:128]
Accuracies on val: class : 92.15
Accuracies on test: class : 68.56
New epoch - lr: 0.01
0/107 of epoch 5/20 class : 0.227 - acc class : 95.31 [bs:128]
30/107 of epoch 5/20 class : 0.126 - acc class : 99.22 [bs:128]
60/107 of epoch 5/20 class : 0.169 - acc class : 95.31 [bs:128]
90/107 of epoch 5/20 class : 0.143 - acc class : 96.09 [bs:128]
Accuracies on val: class : 91.76
Accuracies on test: class : 72.82
New epoch - lr: 0.01
0/107 of epoch 6/20 class : 0.111 - acc class : 97.66 [bs:128]
30/107 of epoch 6/20 class : 0.147 - acc class : 95.31 [bs:128]
60/107 of epoch 6/20 class : 0.134 - acc class : 97.66 [bs:128]
90/107 of epoch 6/20 class : 0.094 - acc class : 96.88 [bs:128]
Accuracies on val: class : 92.15
Accuracies on test: class : 75.77
New epoch - lr: 0.01
0/107 of epoch 7/20 class : 0.195 - acc class : 95.31 [bs:128]
30/107 of epoch 7/20 class : 0.161 - acc class : 93.75 [bs:128]
60/107 of epoch 7/20 class : 0.161 - acc class : 93.75 [bs:128]
90/107 of epoch 7/20 class : 0.061 - acc class : 98.44 [bs:128]
Accuracies on val: class : 94.08
Accuracies on test: class : 70.56
New epoch - lr: 0.01
0/107 of epoch 8/20 class : 0.042 - acc class : 97.66 [bs:128]
30/107 of epoch 8/20 class : 0.059 - acc class : 99.22 [bs:128]
60/107 of epoch 8/20 class : 0.083 - acc class : 96.09 [bs:128]
90/107 of epoch 8/20 class : 0.056 - acc class : 98.44 [bs:128]
Accuracies on val: class : 94.59
Accuracies on test: class : 78.16
New epoch - lr: 0.01
0/107 of epoch 9/20 class : 0.034 - acc class : 100.00 [bs:128]
30/107 of epoch 9/20 class : 0.041 - acc class : 99.22 [bs:128]
60/107 of epoch 9/20 class : 0.041 - acc class : 99.22 [bs:128]
90/107 of epoch 9/20 class : 0.166 - acc class : 94.53 [bs:128]
Accuracies on val: class : 95.24
Accuracies on test: class : 77.01
New epoch - lr: 0.01
0/107 of epoch 10/20 class : 0.131 - acc class : 93.75 [bs:128]
30/107 of epoch 10/20 class : 0.026 - acc class : 100.00 [bs:128]
60/107 of epoch 10/20 class : 0.036 - acc class : 100.00 [bs:128]
90/107 of epoch 10/20 class : 0.035 - acc class : 99.22 [bs:128]
Accuracies on val: class : 93.05
Accuracies on test: class : 77.52
New epoch - lr: 0.01
0/107 of epoch 11/20 class : 0.094 - acc class : 97.66 [bs:128]
30/107 of epoch 11/20 class : 0.021 - acc class : 100.00 [bs:128]
60/107 of epoch 11/20 class : 0.050 - acc class : 99.22 [bs:128]
90/107 of epoch 11/20 class : 0.115 - acc class : 95.31 [bs:128]
Accuracies on val: class : 94.21
Accuracies on test: class : 77.30
New epoch - lr: 0.01
0/107 of epoch 12/20 class : 0.021 - acc class : 100.00 [bs:128]
30/107 of epoch 12/20 class : 0.013 - acc class : 100.00 [bs:128]
60/107 of epoch 12/20 class : 0.024 - acc class : 100.00 [bs:128]
90/107 of epoch 12/20 class : 0.024 - acc class : 100.00 [bs:128]
Accuracies on val: class : 94.98
Accuracies on test: class : 76.54
New epoch - lr: 0.01
0/107 of epoch 13/20 class : 0.102 - acc class : 96.09 [bs:128]
30/107 of epoch 13/20 class : 0.069 - acc class : 99.22 [bs:128]
60/107 of epoch 13/20 class : 0.042 - acc class : 99.22 [bs:128]
90/107 of epoch 13/20 class : 0.039 - acc class : 99.22 [bs:128]
Accuracies on val: class : 94.08
Accuracies on test: class : 77.90
New epoch - lr: 0.01
0/107 of epoch 14/20 class : 0.045 - acc class : 97.66 [bs:128]
30/107 of epoch 14/20 class : 0.008 - acc class : 100.00 [bs:128]
60/107 of epoch 14/20 class : 0.053 - acc class : 97.66 [bs:128]
90/107 of epoch 14/20 class : 0.062 - acc class : 99.22 [bs:128]
Accuracies on val: class : 94.47
Accuracies on test: class : 77.86
New epoch - lr: 0.01
0/107 of epoch 15/20 class : 0.012 - acc class : 100.00 [bs:128]
30/107 of epoch 15/20 class : 0.054 - acc class : 98.44 [bs:128]
60/107 of epoch 15/20 class : 0.037 - acc class : 99.22 [bs:128]
90/107 of epoch 15/20 class : 0.016 - acc class : 100.00 [bs:128]
Accuracies on val: class : 94.47
Accuracies on test: class : 80.25
New epoch - lr: 0.01
0/107 of epoch 16/20 class : 0.080 - acc class : 98.44 [bs:128]
30/107 of epoch 16/20 class : 0.011 - acc class : 100.00 [bs:128]
60/107 of epoch 16/20 class : 0.127 - acc class : 97.66 [bs:128]
90/107 of epoch 16/20 class : 0.010 - acc class : 100.00 [bs:128]
Accuracies on val: class : 93.56
Accuracies on test: class : 78.92
New epoch - lr: 0.0001
0/107 of epoch 17/20 class : 0.080 - acc class : 98.44 [bs:128]
30/107 of epoch 17/20 class : 0.015 - acc class : 100.00 [bs:128]
60/107 of epoch 17/20 class : 0.035 - acc class : 99.22 [bs:128]
90/107 of epoch 17/20 class : 0.021 - acc class : 100.00 [bs:128]
Accuracies on val: class : 94.98
Accuracies on test: class : 78.63
New epoch - lr: 0.001
0/107 of epoch 18/20 class : 0.038 - acc class : 98.44 [bs:128]
30/107 of epoch 18/20 class : 0.010 - acc class : 100.00 [bs:128]
60/107 of epoch 18/20 class : 0.077 - acc class : 98.44 [bs:128]
90/107 of epoch 18/20 class : 0.080 - acc class : 100.00 [bs:128]
Accuracies on val: class : 95.24
Accuracies on test: class : 79.31
New epoch - lr: 0.001
0/107 of epoch 19/20 class : 0.011 - acc class : 100.00 [bs:128]
30/107 of epoch 19/20 class : 0.015 - acc class : 99.22 [bs:128]
60/107 of epoch 19/20 class : 0.009 - acc class : 100.00 [bs:128]
90/107 of epoch 19/20 class : 0.178 - acc class : 95.31 [bs:128]
Accuracies on val: class : 95.50
Accuracies on test: class : 79.56
New epoch - lr: 0.001
0/107 of epoch 20/20 class : 0.014 - acc class : 100.00 [bs:128]
30/107 of epoch 20/20 class : 0.219 - acc class : 82.03 [bs:128]
60/107 of epoch 20/20 class : 0.010 - acc class : 100.00 [bs:128]
90/107 of epoch 20/20 class : 0.040 - acc class : 98.44 [bs:128]
Accuracies on val: class : 95.11
Accuracies on test: class : 79.52
Best val 0.954955, corresponding test 0.795648 - best test: 0.802474, best epoch: 18
It took 449.423
/share/data/vision-greg2/users/xdu/anaconda3/envs/RSC/lib/python3.7/site-packages/tensorflow/python/framework/dtypes.py:516: FutureWarning: Passing (type, 1) or '1type' as a synonym of type is deprecated; in a future version of numpy, it will be understood as (type, (1,)) / '(1,)type'.
  _np_qint8 = np.dtype([("qint8", np.int8, 1)])
/share/data/vision-greg2/users/xdu/anaconda3/envs/RSC/lib/python3.7/site-packages/tensorflow/python/framework/dtypes.py:517: FutureWarning: Passing (type, 1) or '1type' as a synonym of type is deprecated; in a future version of numpy, it will be understood as (type, (1,)) / '(1,)type'.
  _np_quint8 = np.dtype([("quint8", np.uint8, 1)])
/share/data/vision-greg2/users/xdu/anaconda3/envs/RSC/lib/python3.7/site-packages/tensorflow/python/framework/dtypes.py:518: FutureWarning: Passing (type, 1) or '1type' as a synonym of type is deprecated; in a future version of numpy, it will be understood as (type, (1,)) / '(1,)type'.
  _np_qint16 = np.dtype([("qint16", np.int16, 1)])
/share/data/vision-greg2/users/xdu/anaconda3/envs/RSC/lib/python3.7/site-packages/tensorflow/python/framework/dtypes.py:519: FutureWarning: Passing (type, 1) or '1type' as a synonym of type is deprecated; in a future version of numpy, it will be understood as (type, (1,)) / '(1,)type'.
  _np_quint16 = np.dtype([("quint16", np.uint16, 1)])
/share/data/vision-greg2/users/xdu/anaconda3/envs/RSC/lib/python3.7/site-packages/tensorflow/python/framework/dtypes.py:520: FutureWarning: Passing (type, 1) or '1type' as a synonym of type is deprecated; in a future version of numpy, it will be understood as (type, (1,)) / '(1,)type'.
  _np_qint32 = np.dtype([("qint32", np.int32, 1)])
/share/data/vision-greg2/users/xdu/anaconda3/envs/RSC/lib/python3.7/site-packages/tensorflow/python/framework/dtypes.py:525: FutureWarning: Passing (type, 1) or '1type' as a synonym of type is deprecated; in a future version of numpy, it will be understood as (type, (1,)) / '(1,)type'.
  np_resource = np.dtype([("resource", np.ubyte, 1)])
/share/data/vision-greg2/users/xdu/anaconda3/envs/RSC/lib/python3.7/site-packages/tensorboard/compat/tensorflow_stub/dtypes.py:541: FutureWarning: Passing (type, 1) or '1type' as a synonym of type is deprecated; in a future version of numpy, it will be understood as (type, (1,)) / '(1,)type'.
  _np_qint8 = np.dtype([("qint8", np.int8, 1)])
/share/data/vision-greg2/users/xdu/anaconda3/envs/RSC/lib/python3.7/site-packages/tensorboard/compat/tensorflow_stub/dtypes.py:542: FutureWarning: Passing (type, 1) or '1type' as a synonym of type is deprecated; in a future version of numpy, it will be understood as (type, (1,)) / '(1,)type'.
  _np_quint8 = np.dtype([("quint8", np.uint8, 1)])
/share/data/vision-greg2/users/xdu/anaconda3/envs/RSC/lib/python3.7/site-packages/tensorboard/compat/tensorflow_stub/dtypes.py:543: FutureWarning: Passing (type, 1) or '1type' as a synonym of type is deprecated; in a future version of numpy, it will be understood as (type, (1,)) / '(1,)type'.
  _np_qint16 = np.dtype([("qint16", np.int16, 1)])
/share/data/vision-greg2/users/xdu/anaconda3/envs/RSC/lib/python3.7/site-packages/tensorboard/compat/tensorflow_stub/dtypes.py:544: FutureWarning: Passing (type, 1) or '1type' as a synonym of type is deprecated; in a future version of numpy, it will be understood as (type, (1,)) / '(1,)type'.
  _np_quint16 = np.dtype([("quint16", np.uint16, 1)])
/share/data/vision-greg2/users/xdu/anaconda3/envs/RSC/lib/python3.7/site-packages/tensorboard/compat/tensorflow_stub/dtypes.py:545: FutureWarning: Passing (type, 1) or '1type' as a synonym of type is deprecated; in a future version of numpy, it will be understood as (type, (1,)) / '(1,)type'.
  _np_qint32 = np.dtype([("qint32", np.int32, 1)])
/share/data/vision-greg2/users/xdu/anaconda3/envs/RSC/lib/python3.7/site-packages/tensorboard/compat/tensorflow_stub/dtypes.py:550: FutureWarning: Passing (type, 1) or '1type' as a synonym of type is deprecated; in a future version of numpy, it will be understood as (type, (1,)) / '(1,)type'.
  np_resource = np.dtype([("resource", np.ubyte, 1)])
Target domain: cartoon
Dataset size: train 6870, val 777, test 2344
Step size: 16
New epoch - lr: 0.01
0/107 of epoch 1/20 class : 3.239 - acc class : 0.78 [bs:128]
30/107 of epoch 1/20 class : 0.775 - acc class : 81.25 [bs:128]
60/107 of epoch 1/20 class : 0.662 - acc class : 79.69 [bs:128]
90/107 of epoch 1/20 class : 0.508 - acc class : 87.50 [bs:128]
Accuracies on val: class : 89.70
Accuracies on test: class : 74.06
New epoch - lr: 0.01
0/107 of epoch 2/20 class : 0.418 - acc class : 84.38 [bs:128]
30/107 of epoch 2/20 class : 0.452 - acc class : 79.69 [bs:128]
60/107 of epoch 2/20 class : 0.292 - acc class : 96.09 [bs:128]
90/107 of epoch 2/20 class : 0.270 - acc class : 94.53 [bs:128]
Accuracies on val: class : 93.18
Accuracies on test: class : 71.50
New epoch - lr: 0.01
0/107 of epoch 3/20 class : 0.582 - acc class : 82.81 [bs:128]
30/107 of epoch 3/20 class : 0.480 - acc class : 87.50 [bs:128]
60/107 of epoch 3/20 class : 0.229 - acc class : 95.31 [bs:128]
90/107 of epoch 3/20 class : 0.217 - acc class : 96.09 [bs:128]
Accuracies on val: class : 92.54
Accuracies on test: class : 72.82
New epoch - lr: 0.01
0/107 of epoch 4/20 class : 0.129 - acc class : 100.00 [bs:128]
30/107 of epoch 4/20 class : 0.230 - acc class : 91.41 [bs:128]
60/107 of epoch 4/20 class : 0.200 - acc class : 92.97 [bs:128]
90/107 of epoch 4/20 class : 0.161 - acc class : 93.75 [bs:128]
Accuracies on val: class : 91.38
Accuracies on test: class : 72.06
New epoch - lr: 0.01
0/107 of epoch 5/20 class : 0.224 - acc class : 94.53 [bs:128]
30/107 of epoch 5/20 class : 0.107 - acc class : 97.66 [bs:128]
60/107 of epoch 5/20 class : 0.154 - acc class : 96.09 [bs:128]
90/107 of epoch 5/20 class : 0.144 - acc class : 96.09 [bs:128]
Accuracies on val: class : 92.54
Accuracies on test: class : 73.42
New epoch - lr: 0.01
0/107 of epoch 6/20 class : 0.161 - acc class : 94.53 [bs:128]
30/107 of epoch 6/20 class : 0.128 - acc class : 92.19 [bs:128]
60/107 of epoch 6/20 class : 0.162 - acc class : 93.75 [bs:128]
90/107 of epoch 6/20 class : 0.112 - acc class : 96.88 [bs:128]
Accuracies on val: class : 93.56
Accuracies on test: class : 78.54
New epoch - lr: 0.01
0/107 of epoch 7/20 class : 0.119 - acc class : 96.88 [bs:128]
30/107 of epoch 7/20 class : 0.203 - acc class : 94.53 [bs:128]
60/107 of epoch 7/20 class : 0.090 - acc class : 96.88 [bs:128]
90/107 of epoch 7/20 class : 0.078 - acc class : 97.66 [bs:128]
Accuracies on val: class : 92.41
Accuracies on test: class : 70.31
New epoch - lr: 0.01
0/107 of epoch 8/20 class : 0.043 - acc class : 100.00 [bs:128]
30/107 of epoch 8/20 class : 0.055 - acc class : 98.44 [bs:128]
60/107 of epoch 8/20 class : 0.083 - acc class : 99.22 [bs:128]
90/107 of epoch 8/20 class : 0.138 - acc class : 96.88 [bs:128]
Accuracies on val: class : 92.92
Accuracies on test: class : 76.37
New epoch - lr: 0.01
0/107 of epoch 9/20 class : 0.062 - acc class : 98.44 [bs:128]
30/107 of epoch 9/20 class : 0.060 - acc class : 99.22 [bs:128]
60/107 of epoch 9/20 class : 0.060 - acc class : 98.44 [bs:128]
90/107 of epoch 9/20 class : 0.098 - acc class : 97.66 [bs:128]
Accuracies on val: class : 95.62
Accuracies on test: class : 80.42
New epoch - lr: 0.01
0/107 of epoch 10/20 class : 0.040 - acc class : 100.00 [bs:128]
30/107 of epoch 10/20 class : 0.076 - acc class : 96.09 [bs:128]
60/107 of epoch 10/20 class : 0.060 - acc class : 98.44 [bs:128]
90/107 of epoch 10/20 class : 0.028 - acc class : 99.22 [bs:128]
Accuracies on val: class : 94.47
Accuracies on test: class : 82.64
New epoch - lr: 0.01
0/107 of epoch 11/20 class : 0.081 - acc class : 96.88 [bs:128]
30/107 of epoch 11/20 class : 0.019 - acc class : 100.00 [bs:128]
60/107 of epoch 11/20 class : 0.023 - acc class : 100.00 [bs:128]
90/107 of epoch 11/20 class : 0.055 - acc class : 97.66 [bs:128]
Accuracies on val: class : 93.95
Accuracies on test: class : 75.90
New epoch - lr: 0.01
0/107 of epoch 12/20 class : 0.034 - acc class : 99.22 [bs:128]
30/107 of epoch 12/20 class : 0.018 - acc class : 100.00 [bs:128]
60/107 of epoch 12/20 class : 0.041 - acc class : 98.44 [bs:128]
90/107 of epoch 12/20 class : 0.031 - acc class : 99.22 [bs:128]
Accuracies on val: class : 95.11
Accuracies on test: class : 79.44
New epoch - lr: 0.01
0/107 of epoch 13/20 class : 0.027 - acc class : 100.00 [bs:128]
30/107 of epoch 13/20 class : 0.064 - acc class : 97.66 [bs:128]
60/107 of epoch 13/20 class : 0.050 - acc class : 99.22 [bs:128]
90/107 of epoch 13/20 class : 0.091 - acc class : 96.88 [bs:128]
Accuracies on val: class : 94.85
Accuracies on test: class : 75.73
New epoch - lr: 0.01
0/107 of epoch 14/20 class : 0.038 - acc class : 99.22 [bs:128]
30/107 of epoch 14/20 class : 0.044 - acc class : 99.22 [bs:128]
60/107 of epoch 14/20 class : 0.033 - acc class : 100.00 [bs:128]
90/107 of epoch 14/20 class : 0.086 - acc class : 97.66 [bs:128]
Accuracies on val: class : 94.85
Accuracies on test: class : 80.16
New epoch - lr: 0.01
0/107 of epoch 15/20 class : 0.011 - acc class : 100.00 [bs:128]
30/107 of epoch 15/20 class : 0.033 - acc class : 99.22 [bs:128]
60/107 of epoch 15/20 class : 0.015 - acc class : 100.00 [bs:128]
90/107 of epoch 15/20 class : 0.018 - acc class : 100.00 [bs:128]
Accuracies on val: class : 94.85
Accuracies on test: class : 77.47
New epoch - lr: 0.01
0/107 of epoch 16/20 class : 0.023 - acc class : 100.00 [bs:128]
30/107 of epoch 16/20 class : 0.012 - acc class : 100.00 [bs:128]
60/107 of epoch 16/20 class : 0.024 - acc class : 98.44 [bs:128]
90/107 of epoch 16/20 class : 0.051 - acc class : 98.44 [bs:128]
Accuracies on val: class : 95.11
Accuracies on test: class : 77.69
New epoch - lr: 0.0001
0/107 of epoch 17/20 class : 0.058 - acc class : 97.66 [bs:128]
30/107 of epoch 17/20 class : 0.019 - acc class : 99.22 [bs:128]
60/107 of epoch 17/20 class : 0.021 - acc class : 100.00 [bs:128]
90/107 of epoch 17/20 class : 0.007 - acc class : 100.00 [bs:128]
Accuracies on val: class : 95.24
Accuracies on test: class : 77.47
New epoch - lr: 0.001
0/107 of epoch 18/20 class : 0.014 - acc class : 100.00 [bs:128]
30/107 of epoch 18/20 class : 0.003 - acc class : 100.00 [bs:128]
60/107 of epoch 18/20 class : 0.006 - acc class : 100.00 [bs:128]
90/107 of epoch 18/20 class : 0.029 - acc class : 98.44 [bs:128]
Accuracies on val: class : 95.37
Accuracies on test: class : 78.20
New epoch - lr: 0.001
0/107 of epoch 19/20 class : 0.005 - acc class : 100.00 [bs:128]
30/107 of epoch 19/20 class : 0.029 - acc class : 99.22 [bs:128]
60/107 of epoch 19/20 class : 0.013 - acc class : 99.22 [bs:128]
90/107 of epoch 19/20 class : 0.010 - acc class : 100.00 [bs:128]
Accuracies on val: class : 95.62
Accuracies on test: class : 77.56
New epoch - lr: 0.001
0/107 of epoch 20/20 class : 0.010 - acc class : 100.00 [bs:128]
30/107 of epoch 20/20 class : 0.022 - acc class : 99.22 [bs:128]
60/107 of epoch 20/20 class : 0.014 - acc class : 100.00 [bs:128]
90/107 of epoch 20/20 class : 0.067 - acc class : 98.44 [bs:128]
Accuracies on val: class : 95.11
Accuracies on test: class : 78.07
Best val 0.956242, corresponding test 0.775597 - best test: 0.826365, best epoch: 18
It took 444.235
/share/data/vision-greg2/users/xdu/anaconda3/envs/RSC/lib/python3.7/site-packages/tensorflow/python/framework/dtypes.py:516: FutureWarning: Passing (type, 1) or '1type' as a synonym of type is deprecated; in a future version of numpy, it will be understood as (type, (1,)) / '(1,)type'.
  _np_qint8 = np.dtype([("qint8", np.int8, 1)])
/share/data/vision-greg2/users/xdu/anaconda3/envs/RSC/lib/python3.7/site-packages/tensorflow/python/framework/dtypes.py:517: FutureWarning: Passing (type, 1) or '1type' as a synonym of type is deprecated; in a future version of numpy, it will be understood as (type, (1,)) / '(1,)type'.
  _np_quint8 = np.dtype([("quint8", np.uint8, 1)])
/share/data/vision-greg2/users/xdu/anaconda3/envs/RSC/lib/python3.7/site-packages/tensorflow/python/framework/dtypes.py:518: FutureWarning: Passing (type, 1) or '1type' as a synonym of type is deprecated; in a future version of numpy, it will be understood as (type, (1,)) / '(1,)type'.
  _np_qint16 = np.dtype([("qint16", np.int16, 1)])
/share/data/vision-greg2/users/xdu/anaconda3/envs/RSC/lib/python3.7/site-packages/tensorflow/python/framework/dtypes.py:519: FutureWarning: Passing (type, 1) or '1type' as a synonym of type is deprecated; in a future version of numpy, it will be understood as (type, (1,)) / '(1,)type'.
  _np_quint16 = np.dtype([("quint16", np.uint16, 1)])
/share/data/vision-greg2/users/xdu/anaconda3/envs/RSC/lib/python3.7/site-packages/tensorflow/python/framework/dtypes.py:520: FutureWarning: Passing (type, 1) or '1type' as a synonym of type is deprecated; in a future version of numpy, it will be understood as (type, (1,)) / '(1,)type'.
  _np_qint32 = np.dtype([("qint32", np.int32, 1)])
/share/data/vision-greg2/users/xdu/anaconda3/envs/RSC/lib/python3.7/site-packages/tensorflow/python/framework/dtypes.py:525: FutureWarning: Passing (type, 1) or '1type' as a synonym of type is deprecated; in a future version of numpy, it will be understood as (type, (1,)) / '(1,)type'.
  np_resource = np.dtype([("resource", np.ubyte, 1)])
/share/data/vision-greg2/users/xdu/anaconda3/envs/RSC/lib/python3.7/site-packages/tensorboard/compat/tensorflow_stub/dtypes.py:541: FutureWarning: Passing (type, 1) or '1type' as a synonym of type is deprecated; in a future version of numpy, it will be understood as (type, (1,)) / '(1,)type'.
  _np_qint8 = np.dtype([("qint8", np.int8, 1)])
/share/data/vision-greg2/users/xdu/anaconda3/envs/RSC/lib/python3.7/site-packages/tensorboard/compat/tensorflow_stub/dtypes.py:542: FutureWarning: Passing (type, 1) or '1type' as a synonym of type is deprecated; in a future version of numpy, it will be understood as (type, (1,)) / '(1,)type'.
  _np_quint8 = np.dtype([("quint8", np.uint8, 1)])
/share/data/vision-greg2/users/xdu/anaconda3/envs/RSC/lib/python3.7/site-packages/tensorboard/compat/tensorflow_stub/dtypes.py:543: FutureWarning: Passing (type, 1) or '1type' as a synonym of type is deprecated; in a future version of numpy, it will be understood as (type, (1,)) / '(1,)type'.
  _np_qint16 = np.dtype([("qint16", np.int16, 1)])
/share/data/vision-greg2/users/xdu/anaconda3/envs/RSC/lib/python3.7/site-packages/tensorboard/compat/tensorflow_stub/dtypes.py:544: FutureWarning: Passing (type, 1) or '1type' as a synonym of type is deprecated; in a future version of numpy, it will be understood as (type, (1,)) / '(1,)type'.
  _np_quint16 = np.dtype([("quint16", np.uint16, 1)])
/share/data/vision-greg2/users/xdu/anaconda3/envs/RSC/lib/python3.7/site-packages/tensorboard/compat/tensorflow_stub/dtypes.py:545: FutureWarning: Passing (type, 1) or '1type' as a synonym of type is deprecated; in a future version of numpy, it will be understood as (type, (1,)) / '(1,)type'.
  _np_qint32 = np.dtype([("qint32", np.int32, 1)])
/share/data/vision-greg2/users/xdu/anaconda3/envs/RSC/lib/python3.7/site-packages/tensorboard/compat/tensorflow_stub/dtypes.py:550: FutureWarning: Passing (type, 1) or '1type' as a synonym of type is deprecated; in a future version of numpy, it will be understood as (type, (1,)) / '(1,)type'.
  np_resource = np.dtype([("resource", np.ubyte, 1)])
Target domain: cartoon
Dataset size: train 6870, val 777, test 2344
Step size: 16
New epoch - lr: 0.01
0/107 of epoch 1/20 class : 2.096 - acc class : 9.38 [bs:128]
30/107 of epoch 1/20 class : 1.411 - acc class : 50.00 [bs:128]
60/107 of epoch 1/20 class : 1.149 - acc class : 56.25 [bs:128]
90/107 of epoch 1/20 class : 0.539 - acc class : 86.72 [bs:128]
Accuracies on val: class : 89.32
Accuracies on test: class : 74.45
New epoch - lr: 0.01
0/107 of epoch 2/20 class : 0.401 - acc class : 86.72 [bs:128]
30/107 of epoch 2/20 class : 0.556 - acc class : 73.44 [bs:128]
60/107 of epoch 2/20 class : 0.289 - acc class : 92.97 [bs:128]
90/107 of epoch 2/20 class : 0.346 - acc class : 91.41 [bs:128]
Accuracies on val: class : 93.31
Accuracies on test: class : 74.32
New epoch - lr: 0.01
0/107 of epoch 3/20 class : 0.667 - acc class : 74.22 [bs:128]
30/107 of epoch 3/20 class : 0.598 - acc class : 71.09 [bs:128]
60/107 of epoch 3/20 class : 0.217 - acc class : 92.97 [bs:128]
90/107 of epoch 3/20 class : 0.234 - acc class : 93.75 [bs:128]
Accuracies on val: class : 92.02
Accuracies on test: class : 76.75
New epoch - lr: 0.01
0/107 of epoch 4/20 class : 0.167 - acc class : 98.44 [bs:128]
30/107 of epoch 4/20 class : 0.304 - acc class : 85.94 [bs:128]
60/107 of epoch 4/20 class : 0.194 - acc class : 93.75 [bs:128]
90/107 of epoch 4/20 class : 0.180 - acc class : 93.75 [bs:128]
Accuracies on val: class : 92.02
Accuracies on test: class : 69.03
New epoch - lr: 0.01
0/107 of epoch 5/20 class : 0.150 - acc class : 96.09 [bs:128]
30/107 of epoch 5/20 class : 0.123 - acc class : 98.44 [bs:128]
60/107 of epoch 5/20 class : 0.152 - acc class : 93.75 [bs:128]
90/107 of epoch 5/20 class : 0.146 - acc class : 96.09 [bs:128]
Accuracies on val: class : 94.85
Accuracies on test: class : 74.36
New epoch - lr: 0.01
0/107 of epoch 6/20 class : 0.148 - acc class : 95.31 [bs:128]
30/107 of epoch 6/20 class : 0.146 - acc class : 93.75 [bs:128]
60/107 of epoch 6/20 class : 0.144 - acc class : 96.09 [bs:128]
90/107 of epoch 6/20 class : 0.140 - acc class : 94.53 [bs:128]
Accuracies on val: class : 91.12
Accuracies on test: class : 72.48
New epoch - lr: 0.01
0/107 of epoch 7/20 class : 0.113 - acc class : 96.88 [bs:128]
30/107 of epoch 7/20 class : 0.227 - acc class : 92.19 [bs:128]
60/107 of epoch 7/20 class : 0.089 - acc class : 97.66 [bs:128]
90/107 of epoch 7/20 class : 0.065 - acc class : 97.66 [bs:128]
Accuracies on val: class : 94.47
Accuracies on test: class : 75.43
New epoch - lr: 0.01
0/107 of epoch 8/20 class : 0.056 - acc class : 99.22 [bs:128]
30/107 of epoch 8/20 class : 0.042 - acc class : 99.22 [bs:128]
60/107 of epoch 8/20 class : 0.065 - acc class : 97.66 [bs:128]
90/107 of epoch 8/20 class : 0.086 - acc class : 96.09 [bs:128]
Accuracies on val: class : 93.82
Accuracies on test: class : 78.46
New epoch - lr: 0.01
0/107 of epoch 9/20 class : 0.027 - acc class : 100.00 [bs:128]
30/107 of epoch 9/20 class : 0.050 - acc class : 99.22 [bs:128]
60/107 of epoch 9/20 class : 0.055 - acc class : 99.22 [bs:128]
90/107 of epoch 9/20 class : 0.050 - acc class : 98.44 [bs:128]
Accuracies on val: class : 93.31
Accuracies on test: class : 75.00
New epoch - lr: 0.01
0/107 of epoch 10/20 class : 0.046 - acc class : 99.22 [bs:128]
30/107 of epoch 10/20 class : 0.065 - acc class : 98.44 [bs:128]
60/107 of epoch 10/20 class : 0.044 - acc class : 98.44 [bs:128]
90/107 of epoch 10/20 class : 0.059 - acc class : 99.22 [bs:128]
Accuracies on val: class : 90.86
Accuracies on test: class : 75.55
New epoch - lr: 0.01
0/107 of epoch 11/20 class : 0.086 - acc class : 96.88 [bs:128]
30/107 of epoch 11/20 class : 0.015 - acc class : 100.00 [bs:128]
60/107 of epoch 11/20 class : 0.059 - acc class : 99.22 [bs:128]
90/107 of epoch 11/20 class : 0.119 - acc class : 96.88 [bs:128]
Accuracies on val: class : 93.44
Accuracies on test: class : 76.83
New epoch - lr: 0.01
0/107 of epoch 12/20 class : 0.027 - acc class : 99.22 [bs:128]
30/107 of epoch 12/20 class : 0.018 - acc class : 100.00 [bs:128]
60/107 of epoch 12/20 class : 0.028 - acc class : 99.22 [bs:128]
90/107 of epoch 12/20 class : 0.026 - acc class : 98.44 [bs:128]
Accuracies on val: class : 95.50
Accuracies on test: class : 76.19
New epoch - lr: 0.01
0/107 of epoch 13/20 class : 0.024 - acc class : 100.00 [bs:128]
30/107 of epoch 13/20 class : 0.031 - acc class : 100.00 [bs:128]
60/107 of epoch 13/20 class : 0.035 - acc class : 99.22 [bs:128]
90/107 of epoch 13/20 class : 0.084 - acc class : 98.44 [bs:128]
Accuracies on val: class : 95.24
Accuracies on test: class : 79.61
New epoch - lr: 0.01
0/107 of epoch 14/20 class : 0.030 - acc class : 98.44 [bs:128]
30/107 of epoch 14/20 class : 0.010 - acc class : 100.00 [bs:128]
60/107 of epoch 14/20 class : 0.020 - acc class : 100.00 [bs:128]
90/107 of epoch 14/20 class : 0.045 - acc class : 98.44 [bs:128]
Accuracies on val: class : 94.34
Accuracies on test: class : 77.69
New epoch - lr: 0.01
0/107 of epoch 15/20 class : 0.013 - acc class : 100.00 [bs:128]
30/107 of epoch 15/20 class : 0.033 - acc class : 100.00 [bs:128]
60/107 of epoch 15/20 class : 0.024 - acc class : 99.22 [bs:128]
90/107 of epoch 15/20 class : 0.026 - acc class : 100.00 [bs:128]
Accuracies on val: class : 94.59
Accuracies on test: class : 78.75
New epoch - lr: 0.01
0/107 of epoch 16/20 class : 0.034 - acc class : 98.44 [bs:128]
30/107 of epoch 16/20 class : 0.007 - acc class : 100.00 [bs:128]
60/107 of epoch 16/20 class : 0.044 - acc class : 97.66 [bs:128]
90/107 of epoch 16/20 class : 0.018 - acc class : 99.22 [bs:128]
Accuracies on val: class : 94.08
Accuracies on test: class : 72.23
New epoch - lr: 0.0001
0/107 of epoch 17/20 class : 0.100 - acc class : 95.31 [bs:128]
30/107 of epoch 17/20 class : 0.030 - acc class : 98.44 [bs:128]
60/107 of epoch 17/20 class : 0.038 - acc class : 97.66 [bs:128]
90/107 of epoch 17/20 class : 0.013 - acc class : 100.00 [bs:128]
Accuracies on val: class : 95.75
Accuracies on test: class : 77.82
New epoch - lr: 0.001
0/107 of epoch 18/20 class : 0.030 - acc class : 98.44 [bs:128]
30/107 of epoch 18/20 class : 0.006 - acc class : 100.00 [bs:128]
60/107 of epoch 18/20 class : 0.009 - acc class : 100.00 [bs:128]
90/107 of epoch 18/20 class : 0.010 - acc class : 100.00 [bs:128]
Accuracies on val: class : 96.40
Accuracies on test: class : 77.99
New epoch - lr: 0.001
0/107 of epoch 19/20 class : 0.010 - acc class : 100.00 [bs:128]
30/107 of epoch 19/20 class : 0.021 - acc class : 100.00 [bs:128]
60/107 of epoch 19/20 class : 0.007 - acc class : 100.00 [bs:128]
90/107 of epoch 19/20 class : 0.006 - acc class : 100.00 [bs:128]
Accuracies on val: class : 96.65
Accuracies on test: class : 78.28
New epoch - lr: 0.001
0/107 of epoch 20/20 class : 0.014 - acc class : 100.00 [bs:128]
30/107 of epoch 20/20 class : 0.008 - acc class : 100.00 [bs:128]
60/107 of epoch 20/20 class : 0.043 - acc class : 99.22 [bs:128]
90/107 of epoch 20/20 class : 0.032 - acc class : 99.22 [bs:128]
Accuracies on val: class : 96.14
Accuracies on test: class : 78.54
Best val 0.966538, corresponding test 0.78285 - best test: 0.796075, best epoch: 18
It took 444.415
/share/data/vision-greg2/users/xdu/anaconda3/envs/RSC/lib/python3.7/site-packages/tensorflow/python/framework/dtypes.py:516: FutureWarning: Passing (type, 1) or '1type' as a synonym of type is deprecated; in a future version of numpy, it will be understood as (type, (1,)) / '(1,)type'.
  _np_qint8 = np.dtype([("qint8", np.int8, 1)])
/share/data/vision-greg2/users/xdu/anaconda3/envs/RSC/lib/python3.7/site-packages/tensorflow/python/framework/dtypes.py:517: FutureWarning: Passing (type, 1) or '1type' as a synonym of type is deprecated; in a future version of numpy, it will be understood as (type, (1,)) / '(1,)type'.
  _np_quint8 = np.dtype([("quint8", np.uint8, 1)])
/share/data/vision-greg2/users/xdu/anaconda3/envs/RSC/lib/python3.7/site-packages/tensorflow/python/framework/dtypes.py:518: FutureWarning: Passing (type, 1) or '1type' as a synonym of type is deprecated; in a future version of numpy, it will be understood as (type, (1,)) / '(1,)type'.
  _np_qint16 = np.dtype([("qint16", np.int16, 1)])
/share/data/vision-greg2/users/xdu/anaconda3/envs/RSC/lib/python3.7/site-packages/tensorflow/python/framework/dtypes.py:519: FutureWarning: Passing (type, 1) or '1type' as a synonym of type is deprecated; in a future version of numpy, it will be understood as (type, (1,)) / '(1,)type'.
  _np_quint16 = np.dtype([("quint16", np.uint16, 1)])
/share/data/vision-greg2/users/xdu/anaconda3/envs/RSC/lib/python3.7/site-packages/tensorflow/python/framework/dtypes.py:520: FutureWarning: Passing (type, 1) or '1type' as a synonym of type is deprecated; in a future version of numpy, it will be understood as (type, (1,)) / '(1,)type'.
  _np_qint32 = np.dtype([("qint32", np.int32, 1)])
/share/data/vision-greg2/users/xdu/anaconda3/envs/RSC/lib/python3.7/site-packages/tensorflow/python/framework/dtypes.py:525: FutureWarning: Passing (type, 1) or '1type' as a synonym of type is deprecated; in a future version of numpy, it will be understood as (type, (1,)) / '(1,)type'.
  np_resource = np.dtype([("resource", np.ubyte, 1)])
/share/data/vision-greg2/users/xdu/anaconda3/envs/RSC/lib/python3.7/site-packages/tensorboard/compat/tensorflow_stub/dtypes.py:541: FutureWarning: Passing (type, 1) or '1type' as a synonym of type is deprecated; in a future version of numpy, it will be understood as (type, (1,)) / '(1,)type'.
  _np_qint8 = np.dtype([("qint8", np.int8, 1)])
/share/data/vision-greg2/users/xdu/anaconda3/envs/RSC/lib/python3.7/site-packages/tensorboard/compat/tensorflow_stub/dtypes.py:542: FutureWarning: Passing (type, 1) or '1type' as a synonym of type is deprecated; in a future version of numpy, it will be understood as (type, (1,)) / '(1,)type'.
  _np_quint8 = np.dtype([("quint8", np.uint8, 1)])
/share/data/vision-greg2/users/xdu/anaconda3/envs/RSC/lib/python3.7/site-packages/tensorboard/compat/tensorflow_stub/dtypes.py:543: FutureWarning: Passing (type, 1) or '1type' as a synonym of type is deprecated; in a future version of numpy, it will be understood as (type, (1,)) / '(1,)type'.
  _np_qint16 = np.dtype([("qint16", np.int16, 1)])
/share/data/vision-greg2/users/xdu/anaconda3/envs/RSC/lib/python3.7/site-packages/tensorboard/compat/tensorflow_stub/dtypes.py:544: FutureWarning: Passing (type, 1) or '1type' as a synonym of type is deprecated; in a future version of numpy, it will be understood as (type, (1,)) / '(1,)type'.
  _np_quint16 = np.dtype([("quint16", np.uint16, 1)])
/share/data/vision-greg2/users/xdu/anaconda3/envs/RSC/lib/python3.7/site-packages/tensorboard/compat/tensorflow_stub/dtypes.py:545: FutureWarning: Passing (type, 1) or '1type' as a synonym of type is deprecated; in a future version of numpy, it will be understood as (type, (1,)) / '(1,)type'.
  _np_qint32 = np.dtype([("qint32", np.int32, 1)])
/share/data/vision-greg2/users/xdu/anaconda3/envs/RSC/lib/python3.7/site-packages/tensorboard/compat/tensorflow_stub/dtypes.py:550: FutureWarning: Passing (type, 1) or '1type' as a synonym of type is deprecated; in a future version of numpy, it will be understood as (type, (1,)) / '(1,)type'.
  np_resource = np.dtype([("resource", np.ubyte, 1)])
Target domain: cartoon
Dataset size: train 6870, val 777, test 2344
Step size: 16
New epoch - lr: 0.01
0/107 of epoch 1/20 class : 3.239 - acc class : 0.78 [bs:128]
30/107 of epoch 1/20 class : 1.501 - acc class : 51.56 [bs:128]
60/107 of epoch 1/20 class : 0.641 - acc class : 81.25 [bs:128]
90/107 of epoch 1/20 class : 0.554 - acc class : 85.16 [bs:128]
Accuracies on val: class : 90.86
Accuracies on test: class : 72.10
New epoch - lr: 0.01
0/107 of epoch 2/20 class : 0.395 - acc class : 85.94 [bs:128]
30/107 of epoch 2/20 class : 0.400 - acc class : 89.06 [bs:128]
60/107 of epoch 2/20 class : 0.377 - acc class : 83.59 [bs:128]
90/107 of epoch 2/20 class : 0.414 - acc class : 81.25 [bs:128]
Accuracies on val: class : 91.25
Accuracies on test: class : 75.43
New epoch - lr: 0.01
0/107 of epoch 3/20 class : 0.657 - acc class : 76.56 [bs:128]
30/107 of epoch 3/20 class : 0.594 - acc class : 84.38 [bs:128]
60/107 of epoch 3/20 class : 0.240 - acc class : 94.53 [bs:128]
90/107 of epoch 3/20 class : 0.203 - acc class : 93.75 [bs:128]
Accuracies on val: class : 92.92
Accuracies on test: class : 68.98
New epoch - lr: 0.01
0/107 of epoch 4/20 class : 0.173 - acc class : 94.53 [bs:128]
30/107 of epoch 4/20 class : 0.248 - acc class : 92.19 [bs:128]
60/107 of epoch 4/20 class : 0.206 - acc class : 93.75 [bs:128]
90/107 of epoch 4/20 class : 0.273 - acc class : 89.06 [bs:128]
Accuracies on val: class : 92.92
Accuracies on test: class : 71.72
New epoch - lr: 0.01
0/107 of epoch 5/20 class : 0.267 - acc class : 88.28 [bs:128]
30/107 of epoch 5/20 class : 0.169 - acc class : 96.09 [bs:128]
60/107 of epoch 5/20 class : 0.162 - acc class : 96.88 [bs:128]
90/107 of epoch 5/20 class : 0.186 - acc class : 92.19 [bs:128]
Accuracies on val: class : 92.41
Accuracies on test: class : 72.74
New epoch - lr: 0.01
0/107 of epoch 6/20 class : 0.119 - acc class : 99.22 [bs:128]
30/107 of epoch 6/20 class : 0.131 - acc class : 96.09 [bs:128]
60/107 of epoch 6/20 class : 0.129 - acc class : 96.09 [bs:128]
90/107 of epoch 6/20 class : 0.123 - acc class : 94.53 [bs:128]
Accuracies on val: class : 93.69
Accuracies on test: class : 74.53
New epoch - lr: 0.01
0/107 of epoch 7/20 class : 0.106 - acc class : 97.66 [bs:128]
30/107 of epoch 7/20 class : 0.217 - acc class : 91.41 [bs:128]
60/107 of epoch 7/20 class : 0.118 - acc class : 95.31 [bs:128]
90/107 of epoch 7/20 class : 0.108 - acc class : 95.31 [bs:128]
Accuracies on val: class : 94.08
Accuracies on test: class : 78.54
New epoch - lr: 0.01
0/107 of epoch 8/20 class : 0.036 - acc class : 100.00 [bs:128]
30/107 of epoch 8/20 class : 0.052 - acc class : 98.44 [bs:128]
60/107 of epoch 8/20 class : 0.069 - acc class : 99.22 [bs:128]
90/107 of epoch 8/20 class : 0.130 - acc class : 96.88 [bs:128]
Accuracies on val: class : 94.47
Accuracies on test: class : 77.56
New epoch - lr: 0.01
0/107 of epoch 9/20 class : 0.069 - acc class : 99.22 [bs:128]
30/107 of epoch 9/20 class : 0.039 - acc class : 99.22 [bs:128]
60/107 of epoch 9/20 class : 0.020 - acc class : 100.00 [bs:128]
90/107 of epoch 9/20 class : 0.189 - acc class : 92.97 [bs:128]
Accuracies on val: class : 93.95
Accuracies on test: class : 77.39
New epoch - lr: 0.01
0/107 of epoch 10/20 class : 0.043 - acc class : 99.22 [bs:128]
30/107 of epoch 10/20 class : 0.052 - acc class : 98.44 [bs:128]
60/107 of epoch 10/20 class : 0.081 - acc class : 97.66 [bs:128]
90/107 of epoch 10/20 class : 0.025 - acc class : 100.00 [bs:128]
Accuracies on val: class : 94.08
Accuracies on test: class : 79.39
New epoch - lr: 0.01
0/107 of epoch 11/20 class : 0.114 - acc class : 96.88 [bs:128]
30/107 of epoch 11/20 class : 0.075 - acc class : 97.66 [bs:128]
60/107 of epoch 11/20 class : 0.049 - acc class : 98.44 [bs:128]
90/107 of epoch 11/20 class : 0.071 - acc class : 98.44 [bs:128]
Accuracies on val: class : 93.18
Accuracies on test: class : 74.02
New epoch - lr: 0.01
0/107 of epoch 12/20 class : 0.022 - acc class : 100.00 [bs:128]
30/107 of epoch 12/20 class : 0.017 - acc class : 100.00 [bs:128]
60/107 of epoch 12/20 class : 0.011 - acc class : 100.00 [bs:128]
90/107 of epoch 12/20 class : 0.022 - acc class : 100.00 [bs:128]
Accuracies on val: class : 94.08
Accuracies on test: class : 78.84
New epoch - lr: 0.01
0/107 of epoch 13/20 class : 0.034 - acc class : 100.00 [bs:128]
30/107 of epoch 13/20 class : 0.030 - acc class : 99.22 [bs:128]
60/107 of epoch 13/20 class : 0.025 - acc class : 100.00 [bs:128]
90/107 of epoch 13/20 class : 0.084 - acc class : 97.66 [bs:128]
Accuracies on val: class : 94.72
Accuracies on test: class : 77.13
New epoch - lr: 0.01
0/107 of epoch 14/20 class : 0.057 - acc class : 97.66 [bs:128]
30/107 of epoch 14/20 class : 0.038 - acc class : 99.22 [bs:128]
60/107 of epoch 14/20 class : 0.027 - acc class : 99.22 [bs:128]
90/107 of epoch 14/20 class : 0.140 - acc class : 97.66 [bs:128]
Accuracies on val: class : 94.47
Accuracies on test: class : 76.02
New epoch - lr: 0.01
0/107 of epoch 15/20 class : 0.031 - acc class : 99.22 [bs:128]
30/107 of epoch 15/20 class : 0.025 - acc class : 99.22 [bs:128]
60/107 of epoch 15/20 class : 0.051 - acc class : 98.44 [bs:128]
90/107 of epoch 15/20 class : 0.005 - acc class : 100.00 [bs:128]
Accuracies on val: class : 94.59
Accuracies on test: class : 73.51
New epoch - lr: 0.01
0/107 of epoch 16/20 class : 0.075 - acc class : 96.88 [bs:128]
30/107 of epoch 16/20 class : 0.008 - acc class : 100.00 [bs:128]
60/107 of epoch 16/20 class : 0.024 - acc class : 99.22 [bs:128]
90/107 of epoch 16/20 class : 0.008 - acc class : 100.00 [bs:128]
Accuracies on val: class : 94.47
Accuracies on test: class : 74.96
New epoch - lr: 0.0001
0/107 of epoch 17/20 class : 0.152 - acc class : 96.09 [bs:128]
30/107 of epoch 17/20 class : 0.023 - acc class : 98.44 [bs:128]
60/107 of epoch 17/20 class : 0.026 - acc class : 98.44 [bs:128]
90/107 of epoch 17/20 class : 0.025 - acc class : 100.00 [bs:128]
Accuracies on val: class : 95.62
Accuracies on test: class : 76.02
New epoch - lr: 0.001
0/107 of epoch 18/20 class : 0.059 - acc class : 98.44 [bs:128]
30/107 of epoch 18/20 class : 0.070 - acc class : 99.22 [bs:128]
60/107 of epoch 18/20 class : 0.003 - acc class : 100.00 [bs:128]
90/107 of epoch 18/20 class : 0.084 - acc class : 100.00 [bs:128]
Accuracies on val: class : 95.24
Accuracies on test: class : 77.94
New epoch - lr: 0.001
0/107 of epoch 19/20 class : 0.070 - acc class : 100.00 [bs:128]
30/107 of epoch 19/20 class : 0.005 - acc class : 100.00 [bs:128]
60/107 of epoch 19/20 class : 0.030 - acc class : 100.00 [bs:128]
90/107 of epoch 19/20 class : 0.119 - acc class : 98.44 [bs:128]
Accuracies on val: class : 96.01
Accuracies on test: class : 76.58
New epoch - lr: 0.001
0/107 of epoch 20/20 class : 0.013 - acc class : 100.00 [bs:128]
30/107 of epoch 20/20 class : 0.111 - acc class : 98.44 [bs:128]
60/107 of epoch 20/20 class : 0.007 - acc class : 100.00 [bs:128]
90/107 of epoch 20/20 class : 0.067 - acc class : 99.22 [bs:128]
Accuracies on val: class : 95.62
Accuracies on test: class : 77.43
Best val 0.960103, corresponding test 0.765785 - best test: 0.793942, best epoch: 18
It took 442.509
